<?xml version="1.0" encoding="utf-8"?><testsuites><testsuite name="pytest" errors="0" failures="0" skipped="1" tests="9" time="0.047" timestamp="2023-05-26T10:19:58.285645" hostname="MacBook-Pro"><testcase classname="gilded_rose_test.GildedRoseTest" name="test_backstage_passes_and_brie_go_to_quality_zero_after_sell_by" time="0.001" /><testcase classname="gilded_rose_test.GildedRoseTest" name="test_conjured_items_decrease_in_quality_twice_as_fast" time="0.000"><skipped type="pytest.skip" message="Skipped">/Users/emily_coffin/Work/group-3-gilded-rose-python-with-tests/gilded_rose_test.py:108: Skipped</skipped></testcase><testcase classname="gilded_rose_test.GildedRoseTest" name="test_quality_and_sellin_decrease_twice_as_fast_after_sell_by" time="0.000" /><testcase classname="gilded_rose_test.GildedRoseTest" name="test_quality_does_not_increase_past_50" time="0.000" /><testcase classname="gilded_rose_test.GildedRoseTest" name="test_quality_goes_up_by_three_for_improving_products_with_5_days_or_less_left" time="0.000" /><testcase classname="gilded_rose_test.GildedRoseTest" name="test_quality_goes_up_by_two_for_improving_products_with_10_days_or_less_left" time="0.000" /><testcase classname="gilded_rose_test.GildedRoseTest" name="test_quality_goes_up_for_improving_products" time="0.000" /><testcase classname="gilded_rose_test.GildedRoseTest" name="test_regular_items_decrease_by_one" time="0.000" /><testcase classname="gilded_rose_test.GildedRoseTest" name="test_sulfuras_the_immutable" time="0.000" /></testsuite></testsuites>